21.11.2021 21:48:37.971 INFO   r.v.cs.checkers.Main - Application started.
21.11.2021 21:48:38.002 INFO   r.v.c.c.g.ChineseCheckersGame - Game initialized.
21.11.2021 21:48:47.550 INFO   r.v.c.c.s.GraphBuilder - Build of graph is done.
21.11.2021 21:48:47.551 INFO   r.v.c.c.piece.Board - Board done.
21.11.2021 21:51:23.810 INFO   r.v.c.c.g.ChineseCheckersGame - DARK's checker 97 successfully moved at position 38
21.11.2021 21:52:33.066 INFO   r.v.c.c.g.ChineseCheckersGame - WHITE's checker 69 successfully moved at position 4
21.11.2021 21:59:25.433 INFO   r.v.cs.checkers.Main - Application started.
21.11.2021 21:59:25.433 INFO   r.v.c.c.g.ChineseCheckersGame - Game initialized.
21.11.2021 21:59:35.756 INFO   r.v.cs.checkers.Main - Application started.
21.11.2021 21:59:35.771 INFO   r.v.c.c.g.ChineseCheckersGame - Game initialized.
21.11.2021 21:59:51.695 INFO   r.v.c.c.s.GraphBuilder - Build of graph is done.
21.11.2021 21:59:51.695 INFO   r.v.c.c.piece.Board - Board done.
21.11.2021 22:00:07.339 INFO   r.v.c.c.g.ChineseCheckersGame - DARK's checker 97 successfully moved at position 38
21.11.2021 22:00:07.339 INFO   r.v.c.c.s.WinnerChecker - Checking for winner...
21.11.2021 22:00:07.339 INFO   r.v.c.c.g.ChineseCheckersGame - Winner founded: DARK
21.11.2021 22:00:07.339 INFO   r.v.c.c.s.WinnerChecker - Checking for winner...
21.11.2021 22:11:02.074 INFO   r.v.cs.checkers.Main - Application started.
21.11.2021 22:11:02.079 INFO   r.v.c.c.g.ChineseCheckersGame - Game initialized.
21.11.2021 22:11:21.642 INFO   r.v.c.c.s.GraphBuilder - Build of graph is done.
21.11.2021 22:11:21.642 INFO   r.v.c.c.piece.Board - Board done.
21.11.2021 22:11:39.709 INFO   r.v.c.c.g.ChineseCheckersGame - Move is not possible. Place 98 is empty.
21.11.2021 22:12:01.361 INFO   r.v.c.c.g.ChineseCheckersGame - DARK's checker 97 successfully moved at position 38
21.11.2021 22:12:01.361 INFO   r.v.c.c.s.WinnerChecker - Checking for winner...
21.11.2021 22:12:01.361 INFO   r.v.c.c.g.ChineseCheckersGame - Winner founded: DARK
21.11.2021 22:12:01.361 INFO   r.v.c.c.s.WinnerChecker - Checking for winner...
21.11.2021 22:17:43.325 INFO   r.v.cs.checkers.Main - Application started.
21.11.2021 22:17:43.325 INFO   r.v.c.c.g.ChineseCheckersGame - Game initialized.
21.11.2021 22:36:12.875 INFO   r.v.c.c.s.GraphBuilder - Build of graph is done.
21.11.2021 22:36:12.875 INFO   r.v.c.c.piece.Board - Board done.
21.11.2021 22:36:54.373 INFO   r.v.c.c.g.ChineseCheckersGame - DARK's checker 97 successfully moved at position 38
21.11.2021 22:36:58.942 INFO   r.v.c.c.g.ChineseCheckersGame - WHITE's checker 69 successfully moved at position 4
21.11.2021 22:37:01.886 INFO   r.v.c.c.g.ChineseCheckersGame - Player WHITE ended jumps
21.11.2021 22:37:01.886 INFO   r.v.c.c.s.WinnerChecker - Checking for winner...
21.11.2021 22:37:01.886 INFO   r.v.c.c.g.ChineseCheckersGame - A lot of winners founded.
21.11.2021 22:38:46.781 INFO   r.v.cs.checkers.Main - Application started.
21.11.2021 22:38:46.785 INFO   r.v.c.c.g.ChineseCheckersGame - Game initialized.
21.11.2021 22:39:09.523 INFO   r.v.c.c.s.GraphBuilder - Build of graph is done.
21.11.2021 22:39:09.523 INFO   r.v.c.c.piece.Board - Board done.
21.11.2021 22:39:13.355 INFO   r.v.c.c.g.ChineseCheckersGame - DARK's checker 97 successfully moved at position 38
21.11.2021 22:39:17.612 INFO   r.v.c.c.g.ChineseCheckersGame - WHITE's checker 69 successfully moved at position 4
21.11.2021 22:39:19.892 INFO   r.v.c.c.s.WinnerChecker - Checking for winner...
21.11.2021 22:39:19.892 INFO   r.v.c.c.g.ChineseCheckersGame - A lot of winners founded.
21.11.2021 22:39:19.894 INFO   r.v.c.c.g.ChineseCheckersGame - Player DARK ended jumps
21.11.2021 22:41:44.407 INFO   r.v.cs.checkers.Main - Application started.
21.11.2021 22:41:44.411 INFO   r.v.c.c.g.ChineseCheckersGame - Game initialized.
21.11.2021 22:42:01.884 INFO   r.v.c.c.s.GraphBuilder - Build of graph is done.
21.11.2021 22:42:01.884 INFO   r.v.c.c.piece.Board - Board done.
21.11.2021 22:42:16.104 INFO   r.v.c.c.g.ChineseCheckersGame - DARK's checker 97 successfully moved at position 38
21.11.2021 22:42:19.259 INFO   r.v.c.c.g.ChineseCheckersGame - WHITE's checker 69 successfully moved at position 4
21.11.2021 22:42:21.275 INFO   r.v.c.c.s.WinnerChecker - Checking for winner...
21.11.2021 22:42:21.276 INFO   r.v.c.c.g.ChineseCheckersGame - A lot of winners founded.
21.11.2021 22:42:21.278 INFO   r.v.c.c.g.ChineseCheckersGame - Player DARK ended jumps
21.11.2021 22:42:21.279 INFO   r.v.c.c.s.WinnerChecker - Checking for winner...
21.11.2021 22:42:37.938 INFO   r.v.c.c.s.GraphBuilder - Build of graph is done.
21.11.2021 22:42:37.938 INFO   r.v.c.c.piece.Board - Board done.
21.11.2021 22:42:47.182 INFO   r.v.c.c.g.ChineseCheckersGame - DARK's checker 97 successfully moved at position 98
21.11.2021 22:42:51.908 INFO   r.v.c.c.g.ChineseCheckersGame - Move is not possible. Place 67 is empty.
21.11.2021 22:42:56.707 INFO   r.v.c.c.g.ChineseCheckersGame - WHITE's checker 69 successfully moved at position 4
21.11.2021 22:42:59.014 INFO   r.v.c.c.s.WinnerChecker - Checking for winner...
21.11.2021 22:42:59.014 INFO   r.v.c.c.g.ChineseCheckersGame - Winner founded: WHITE
21.11.2021 22:42:59.015 INFO   r.v.c.c.g.ChineseCheckersGame - Player DARK ended jumps
21.11.2021 22:42:59.015 INFO   r.v.c.c.s.WinnerChecker - Checking for winner...
21.11.2021 22:43:08.825 INFO   r.v.c.c.s.GraphBuilder - Build of graph is done.
21.11.2021 22:43:08.825 INFO   r.v.c.c.piece.Board - Board done.
21.11.2021 22:43:21.531 INFO   r.v.c.c.g.ChineseCheckersGame - DARK's checker 97 successfully moved at position 38
21.11.2021 22:43:27.771 INFO   r.v.c.c.g.ChineseCheckersGame - WHITE's checker 69 successfully moved at position 68
21.11.2021 22:43:27.772 INFO   r.v.c.c.s.WinnerChecker - Checking for winner...
21.11.2021 22:43:27.772 INFO   r.v.c.c.g.ChineseCheckersGame - Winner founded: DARK
21.11.2021 22:43:27.772 INFO   r.v.c.c.s.WinnerChecker - Checking for winner...
21.11.2021 22:46:35.149 INFO   r.v.cs.checkers.Main - Application started.
21.11.2021 22:46:35.153 INFO   r.v.c.c.g.ChineseCheckersGame - Game initialized.
21.11.2021 22:46:39.657 INFO   r.v.c.c.g.ChineseCheckersGame - Game initialized.
21.11.2021 22:46:44.676 INFO   r.v.c.c.s.GraphBuilder - Build of graph is done.
21.11.2021 22:46:44.676 INFO   r.v.c.c.piece.Board - Board done.
21.11.2021 22:46:44.676 INFO   r.v.c.c.s.BoardBuilder - Board built.
21.11.2021 22:46:44.677 INFO   r.v.c.c.s.CurrentlyPlayingBuilder - Players initialized: [DARK, WHITE]
21.11.2021 22:46:44.678 INFO   r.v.c.c.s.CheckersPutter - Checkers staying on their places
21.11.2021 22:46:44.678 INFO   r.v.c.c.g.ChineseCheckersGame - Game started.
21.11.2021 22:46:49.712 INFO   r.v.c.c.g.ChineseCheckersGame - DARK's checker 4 successfully moved at position 69
21.11.2021 22:46:54.714 INFO   r.v.c.c.g.ChineseCheckersGame - Player WHITE ended jumps
21.11.2021 22:46:59.730 INFO   r.v.c.c.g.ChineseCheckersGame - WHITE's checker 34 successfully moved at position 97
21.11.2021 22:47:04.734 INFO   r.v.c.c.s.WinnerChecker - Checking for winner...
21.11.2021 22:47:04.734 INFO   r.v.c.c.g.ChineseCheckersGame - Winner not founded.
21.11.2021 22:47:04.734 INFO   r.v.c.c.g.ChineseCheckersGame - Player DARK ended jumps
21.11.2021 22:49:00.967 INFO   r.v.cs.checkers.Main - Application started.
21.11.2021 22:49:00.968 INFO   r.v.c.c.g.ChineseCheckersGame - Game initialized.
21.11.2021 22:49:28.339 INFO   r.v.cs.checkers.Main - Application started.
21.11.2021 22:49:28.339 INFO   r.v.c.c.g.ChineseCheckersGame - Game initialized.
21.11.2021 22:49:38.523 INFO   r.v.c.c.g.ChineseCheckersGame - Game initialized.
21.11.2021 22:49:43.536 INFO   r.v.c.c.s.GraphBuilder - Build of graph is done.
21.11.2021 22:49:43.536 INFO   r.v.c.c.piece.Board - Board done.
21.11.2021 22:49:43.536 INFO   r.v.c.c.s.BoardBuilder - Board built.
21.11.2021 22:49:43.536 INFO   r.v.c.c.s.CurrentlyPlayingBuilder - Players initialized: [DARK, WHITE]
21.11.2021 22:49:43.536 INFO   r.v.c.c.s.CheckersPutter - Checkers staying on their places
21.11.2021 22:49:43.536 INFO   r.v.c.c.g.ChineseCheckersGame - Game started.
21.11.2021 22:49:48.576 INFO   r.v.c.c.g.ChineseCheckersGame - DARK's checker 4 successfully moved at position 69
21.11.2021 22:49:53.593 INFO   r.v.c.c.g.ChineseCheckersGame - Player WHITE ended jumps
21.11.2021 22:49:58.608 INFO   r.v.c.c.g.ChineseCheckersGame - WHITE's checker 34 successfully moved at position 97
21.11.2021 22:50:03.621 INFO   r.v.c.c.s.WinnerChecker - Checking for winner...
21.11.2021 22:50:03.621 INFO   r.v.c.c.g.ChineseCheckersGame - Winner not founded.
21.11.2021 22:50:03.621 INFO   r.v.c.c.g.ChineseCheckersGame - Player DARK ended jumps
21.11.2021 22:50:08.636 INFO   r.v.c.c.g.ChineseCheckersGame - DARK's checker 8 successfully moved at position 67
21.11.2021 22:50:13.668 INFO   r.v.c.c.g.ChineseCheckersGame - WHITE's checker 37 successfully moved at position 99
21.11.2021 22:50:13.668 INFO   r.v.c.c.s.WinnerChecker - Checking for winner...
21.11.2021 22:50:13.668 INFO   r.v.c.c.g.ChineseCheckersGame - Winner not founded.
21.11.2021 22:50:18.701 INFO   r.v.c.c.g.ChineseCheckersGame - DARK's checker 3 successfully moved at position 110
21.11.2021 22:50:23.732 INFO   r.v.c.c.g.ChineseCheckersGame - DARK's checker 110 successfully moved at position 68
21.11.2021 22:50:28.755 INFO   r.v.c.c.g.ChineseCheckersGame - DARK's checker 68 successfully moved at position 66
21.11.2021 22:50:33.775 INFO   r.v.c.c.g.ChineseCheckersGame - Player WHITE ended jumps
21.11.2021 22:50:38.780 INFO   r.v.c.c.d.c.ConsoleInterface - Game ended
21.11.2021 22:52:05.379 INFO   r.v.cs.checkers.Main - Application started.
21.11.2021 22:52:05.379 INFO   r.v.c.c.g.ChineseCheckersGame - Game initialized.
21.11.2021 22:52:16.318 INFO   r.v.c.c.g.ChineseCheckersGame - Game initialized.
21.11.2021 22:52:21.330 INFO   r.v.c.c.s.GraphBuilder - Build of graph is done.
21.11.2021 22:52:21.330 INFO   r.v.c.c.piece.Board - Board done.
21.11.2021 22:52:21.330 INFO   r.v.c.c.s.BoardBuilder - Board built.
21.11.2021 22:52:21.330 INFO   r.v.c.c.s.CurrentlyPlayingBuilder - Players initialized: [DARK, WHITE]
21.11.2021 22:52:21.330 INFO   r.v.c.c.s.CheckersPutter - Checkers staying on their places
21.11.2021 22:52:21.330 INFO   r.v.c.c.g.ChineseCheckersGame - Game started.
21.11.2021 22:52:26.342 INFO   r.v.c.c.g.ChineseCheckersGame - DARK's checker 4 successfully moved at position 69
21.11.2021 22:52:31.353 INFO   r.v.c.c.g.ChineseCheckersGame - Player WHITE ended jumps
21.11.2021 22:52:36.368 INFO   r.v.c.c.g.ChineseCheckersGame - WHITE's checker 34 successfully moved at position 97
21.11.2021 22:52:41.382 INFO   r.v.c.c.s.WinnerChecker - Checking for winner...
21.11.2021 22:52:41.382 INFO   r.v.c.c.g.ChineseCheckersGame - Winner not founded.
21.11.2021 22:52:41.382 INFO   r.v.c.c.g.ChineseCheckersGame - Player DARK ended jumps
21.11.2021 22:52:46.395 INFO   r.v.c.c.g.ChineseCheckersGame - DARK's checker 8 successfully moved at position 67
21.11.2021 22:52:51.399 INFO   r.v.c.c.g.ChineseCheckersGame - WHITE's checker 37 successfully moved at position 99
21.11.2021 22:52:51.399 INFO   r.v.c.c.s.WinnerChecker - Checking for winner...
21.11.2021 22:52:51.399 INFO   r.v.c.c.g.ChineseCheckersGame - Winner not founded.
21.11.2021 22:52:56.414 INFO   r.v.c.c.g.ChineseCheckersGame - DARK's checker 3 successfully moved at position 110
21.11.2021 22:53:01.428 INFO   r.v.c.c.g.ChineseCheckersGame - DARK's checker 110 successfully moved at position 68
21.11.2021 22:53:06.436 INFO   r.v.c.c.g.ChineseCheckersGame - DARK's checker 68 successfully moved at position 66
21.11.2021 22:53:11.451 INFO   r.v.c.c.g.ChineseCheckersGame - Player WHITE ended jumps
21.11.2021 22:53:16.458 INFO   r.v.c.c.g.ChineseCheckersGame - WHITE's checker 33 successfully moved at position 80
21.11.2021 22:53:21.473 INFO   r.v.c.c.g.ChineseCheckersGame - WHITE's checker 80 successfully moved at position 98
21.11.2021 22:53:26.476 INFO   r.v.c.c.g.ChineseCheckersGame - WHITE's checker 98 successfully moved at position 96
21.11.2021 22:53:31.491 INFO   r.v.c.c.s.WinnerChecker - Checking for winner...
21.11.2021 22:53:31.491 INFO   r.v.c.c.g.ChineseCheckersGame - Winner not founded.
21.11.2021 22:53:31.491 INFO   r.v.c.c.g.ChineseCheckersGame - Player DARK ended jumps
21.11.2021 22:53:36.506 INFO   r.v.c.c.d.c.ConsoleInterface - Game ended
21.11.2021 23:18:51.995 INFO   r.v.cs.checkers.Main - Application started.
21.11.2021 23:18:51.998 INFO   r.v.c.c.g.ChineseCheckersGame - Game initialized.
21.11.2021 23:19:36.956 INFO   r.v.c.c.s.GraphBuilder - Build of graph is done.
21.11.2021 23:19:36.956 INFO   r.v.c.c.piece.Board - Board done.
21.11.2021 23:20:23.550 INFO   r.v.c.c.g.ChineseCheckersGame - DARK's checker 97 successfully moved at position 98
21.11.2021 23:20:31.999 INFO   r.v.c.c.g.ChineseCheckersGame - WHITE's checker 7 successfully moved at position 4
21.11.2021 23:20:31.999 INFO   r.v.c.c.s.WinnerChecker - Checking for winner...
21.11.2021 23:20:32.000 INFO   r.v.c.c.g.ChineseCheckersGame - Winner not founded.
21.11.2021 23:20:39.144 INFO   r.v.c.c.g.ChineseCheckersGame - DARK's checker 98 successfully moved at position 97
21.11.2021 23:20:45.520 INFO   r.v.c.c.g.ChineseCheckersGame - WHITE's checker 69 successfully moved at position 7
21.11.2021 23:20:45.520 INFO   r.v.c.c.s.WinnerChecker - Checking for winner...
21.11.2021 23:20:45.520 INFO   r.v.c.c.g.ChineseCheckersGame - Winner founded: WHITE
21.11.2021 23:20:45.538 INFO   r.v.c.c.s.WinnerChecker - Checking for winner...
21.11.2021 23:21:54.532 INFO   r.v.cs.checkers.Main - Application started.
21.11.2021 23:21:54.533 INFO   r.v.c.c.g.ChineseCheckersGame - Game initialized.
21.11.2021 23:22:00.656 INFO   r.v.c.c.s.GraphBuilder - Build of graph is done.
21.11.2021 23:22:00.656 INFO   r.v.c.c.piece.Board - Board done.
21.11.2021 23:22:36.530 INFO   r.v.c.c.g.ChineseCheckersGame - DARK's checker 97 successfully moved at position 98
21.11.2021 23:22:40.012 INFO   r.v.c.c.g.ChineseCheckersGame - Move is not possible. Checker's owner is not WHITE
21.11.2021 23:22:45.529 INFO   r.v.c.c.g.ChineseCheckersGame - WHITE's checker 7 successfully moved at position 4
21.11.2021 23:22:45.530 INFO   r.v.c.c.s.WinnerChecker - Checking for winner...
21.11.2021 23:22:45.530 INFO   r.v.c.c.g.ChineseCheckersGame - Winner not founded.
21.11.2021 23:22:52.689 INFO   r.v.c.c.g.ChineseCheckersGame - DARK's checker 98 successfully moved at position 97
21.11.2021 23:23:34.152 INFO   r.v.c.c.g.ChineseCheckersGame - WHITE's checker 69 successfully moved at position 7
21.11.2021 23:23:34.152 INFO   r.v.c.c.s.WinnerChecker - Checking for winner...
21.11.2021 23:23:34.153 INFO   r.v.c.c.g.ChineseCheckersGame - Winner founded: WHITE
21.11.2021 23:23:38.349 INFO   r.v.c.c.s.WinnerChecker - Checking for winner...
21.11.2021 23:25:22.973 INFO   r.v.cs.checkers.Main - Application started.
21.11.2021 23:25:22.986 INFO   r.v.c.c.g.ChineseCheckersGame - Game initialized.
21.11.2021 23:25:29.431 INFO   r.v.c.c.s.GraphBuilder - Build of graph is done.
21.11.2021 23:25:29.431 INFO   r.v.c.c.piece.Board - Board done.
21.11.2021 23:26:35.354 INFO   r.v.c.c.g.ChineseCheckersGame - DARK's checker 97 successfully moved at position 38
21.11.2021 23:26:45.913 INFO   r.v.c.c.g.ChineseCheckersGame - WHITE's checker 69 successfully moved at position 4
21.11.2021 23:26:48.985 INFO   r.v.c.c.s.WinnerChecker - Checking for winner...
21.11.2021 23:26:48.985 INFO   r.v.c.c.g.ChineseCheckersGame - A lot of winners founded.
21.11.2021 23:26:48.987 INFO   r.v.c.c.g.ChineseCheckersGame - Player DARK ended jumps
21.11.2021 23:26:48.988 INFO   r.v.c.c.s.WinnerChecker - Checking for winner...
21.11.2021 23:27:05.589 INFO   r.v.cs.checkers.Main - Application started.
21.11.2021 23:27:05.595 INFO   r.v.c.c.g.ChineseCheckersGame - Game initialized.
21.11.2021 23:27:11.260 INFO   r.v.c.c.s.GraphBuilder - Build of graph is done.
21.11.2021 23:27:11.260 INFO   r.v.c.c.piece.Board - Board done.
21.11.2021 23:27:13.752 INFO   r.v.c.c.g.ChineseCheckersGame - DARK's checker 97 successfully moved at position 38
21.11.2021 23:27:16.523 INFO   r.v.c.c.g.ChineseCheckersGame - WHITE's checker 69 successfully moved at position 4
21.11.2021 23:27:19.473 INFO   r.v.c.c.s.WinnerChecker - Checking for winner...
21.11.2021 23:27:19.473 INFO   r.v.c.c.g.ChineseCheckersGame - A lot of winners founded.
21.11.2021 23:27:19.476 INFO   r.v.c.c.g.ChineseCheckersGame - Player DARK ended jumps
21.11.2021 23:27:19.476 INFO   r.v.c.c.s.WinnerChecker - Checking for winner...
